<?xml version="1.0" encoding="UTF-8" ?>
<testsuite failures="0" time="0.016" errors="0" skipped="0" tests="8" name="ufcg.si1.infoCarona.testes.TestaSolicitacaodeVaga">
  <properties>
    <property name="java.runtime.name" value="Java(TM) SE Runtime Environment"/>
    <property name="sun.boot.library.path" value="C:\Program Files\Java\jre6\bin"/>
    <property name="java.vm.version" value="19.1-b02"/>
    <property name="java.vm.vendor" value="Sun Microsystems Inc."/>
    <property name="java.vendor.url" value="http://java.sun.com/"/>
    <property name="path.separator" value=";"/>
    <property name="java.vm.name" value="Java HotSpot(TM) Client VM"/>
    <property name="file.encoding.pkg" value="sun.io"/>
    <property name="user.country" value="BR"/>
    <property name="sun.java.launcher" value="SUN_STANDARD"/>
    <property name="sun.os.patch.level" value=""/>
    <property name="java.vm.specification.name" value="Java Virtual Machine Specification"/>
    <property name="user.dir" value="C:\Users\wallison\git\InfoCarona1.0"/>
    <property name="java.runtime.version" value="1.6.0_24-b07"/>
    <property name="java.awt.graphicsenv" value="sun.awt.Win32GraphicsEnvironment"/>
    <property name="basedir" value="C:\Users\wallison\git\InfoCarona1.0"/>
    <property name="java.endorsed.dirs" value="C:\Program Files\Java\jre6\lib\endorsed"/>
    <property name="os.arch" value="x86"/>
    <property name="surefire.real.class.path" value="C:\Users\wallison\git\InfoCarona1.0\target\surefire\surefirebooter4404679777412697960.jar"/>
    <property name="java.io.tmpdir" value="C:\Users\wallison\AppData\Local\Temp\"/>
    <property name="line.separator" value="
"/>
    <property name="java.vm.specification.vendor" value="Sun Microsystems Inc."/>
    <property name="user.variant" value=""/>
    <property name="os.name" value="Windows 7"/>
    <property name="sun.jnu.encoding" value="Cp1252"/>
    <property name="java.library.path" value="C:\Program Files\Java\jre6\bin;.;C:\Windows\Sun\Java\bin;C:\Windows\system32;C:\Windows;C:/Program Files/Java/jre6/bin/client;C:/Program Files/Java/jre6/bin;C:/Program Files/Java/jre6/lib/i386;C:\Program Files\Silverfrost\FTN95;C:\Program Files\Common Files\Microsoft Shared\Windows Live;C:\Windows\system32;C:\Windows;C:\Windows\System32\Wbem;C:\Windows\System32\WindowsPowerShell\v1.0\;C:\Program Files\Java\jdk1.6.0_24\bin;C:\Python26;C:\Program Files\Windows Live\Shared;C:\Program Files\Internet Explorer;&lt;SDK_ANDOID&gt;\tools\;C:\apache-maven-3.0.4\bin;C:\Program Files\Java\jdk1.6.0_24;C:\Program Files\Lua\5.1;C:\Program Files\Lua\5.1\clibs;C:\Program Files\eclipse;"/>
    <property name="surefire.test.class.path" value="C:\Users\wallison\git\InfoCarona1.0\target\test-classes;C:\Users\wallison\git\InfoCarona1.0\target\classes;C:\Users\wallison\.m2\repository\junit\junit\4.0\junit-4.0.jar;C:\Users\wallison\.m2\repository\ufcg\si1\easyaccept\1.0.0\easyaccept-1.0.0.jar;C:\Users\wallison\.m2\repository\com\thoughtworks\xstream\xstream\1.4.2\xstream-1.4.2.jar;C:\Users\wallison\.m2\repository\xmlpull\xmlpull\1.1.3.1\xmlpull-1.1.3.1.jar;C:\Users\wallison\.m2\repository\xpp3\xpp3_min\1.1.4c\xpp3_min-1.1.4c.jar;C:\Users\wallison\.m2\repository\ufcg\si1\mail\1.4\mail-1.4.jar;"/>
    <property name="java.specification.name" value="Java Platform API Specification"/>
    <property name="java.class.version" value="50.0"/>
    <property name="sun.management.compiler" value="HotSpot Client Compiler"/>
    <property name="os.version" value="6.1"/>
    <property name="user.home" value="C:\Users\wallison"/>
    <property name="user.timezone" value="America/Sao_Paulo"/>
    <property name="java.awt.printerjob" value="sun.awt.windows.WPrinterJob"/>
    <property name="java.specification.version" value="1.6"/>
    <property name="file.encoding" value="Cp1252"/>
    <property name="user.name" value="wallison"/>
    <property name="java.class.path" value="C:\Users\wallison\git\InfoCarona1.0\target\test-classes;C:\Users\wallison\git\InfoCarona1.0\target\classes;C:\Users\wallison\.m2\repository\junit\junit\4.0\junit-4.0.jar;C:\Users\wallison\.m2\repository\ufcg\si1\easyaccept\1.0.0\easyaccept-1.0.0.jar;C:\Users\wallison\.m2\repository\com\thoughtworks\xstream\xstream\1.4.2\xstream-1.4.2.jar;C:\Users\wallison\.m2\repository\xmlpull\xmlpull\1.1.3.1\xmlpull-1.1.3.1.jar;C:\Users\wallison\.m2\repository\xpp3\xpp3_min\1.1.4c\xpp3_min-1.1.4c.jar;C:\Users\wallison\.m2\repository\ufcg\si1\mail\1.4\mail-1.4.jar;"/>
    <property name="java.vm.specification.version" value="1.0"/>
    <property name="sun.arch.data.model" value="32"/>
    <property name="java.home" value="C:\Program Files\Java\jre6"/>
    <property name="java.specification.vendor" value="Sun Microsystems Inc."/>
    <property name="user.language" value="pt"/>
    <property name="awt.toolkit" value="sun.awt.windows.WToolkit"/>
    <property name="java.vm.info" value="mixed mode, sharing"/>
    <property name="java.version" value="1.6.0_24"/>
    <property name="java.ext.dirs" value="C:\Program Files\Java\jre6\lib\ext;C:\Windows\Sun\Java\lib\ext"/>
    <property name="sun.boot.class.path" value="C:\Program Files\Java\jre6\lib\resources.jar;C:\Program Files\Java\jre6\lib\rt.jar;C:\Program Files\Java\jre6\lib\sunrsasign.jar;C:\Program Files\Java\jre6\lib\jsse.jar;C:\Program Files\Java\jre6\lib\jce.jar;C:\Program Files\Java\jre6\lib\charsets.jar;C:\Program Files\Java\jre6\lib\modules\jdk.boot.jar;C:\Program Files\Java\jre6\classes"/>
    <property name="java.vendor" value="Sun Microsystems Inc."/>
    <property name="localRepository" value="C:\Users\wallison\.m2\repository"/>
    <property name="file.separator" value="\"/>
    <property name="java.vendor.url.bug" value="http://java.sun.com/cgi-bin/bugreport.cgi"/>
    <property name="sun.cpu.endian" value="little"/>
    <property name="sun.io.unicode.encoding" value="UnicodeLittle"/>
    <property name="sun.desktop" value="windows"/>
    <property name="sun.cpu.isalist" value="pentium_pro+mmx pentium_pro pentium+mmx pentium i486 i386 i86"/>
  </properties>
  <testcase time="0" classname="ufcg.si1.infoCarona.testes.TestaSolicitacaodeVaga" name="testaGetOrigem"/>
  <testcase time="0" classname="ufcg.si1.infoCarona.testes.TestaSolicitacaodeVaga" name="testaGetDonoDaCarona"/>
  <testcase time="0" classname="ufcg.si1.infoCarona.testes.TestaSolicitacaodeVaga" name="testaGetDestino"/>
  <testcase time="0" classname="ufcg.si1.infoCarona.testes.TestaSolicitacaodeVaga" name="testaSolicitacaoDeVaga"/>
  <testcase time="0" classname="ufcg.si1.infoCarona.testes.TestaSolicitacaodeVaga" name="testaGetDonoSolicitacao"/>
  <testcase time="0" classname="ufcg.si1.infoCarona.testes.TestaSolicitacaodeVaga" name="testaGetPonto"/>
  <testcase time="0" classname="ufcg.si1.infoCarona.testes.TestaSolicitacaodeVaga" name="testaGetIdSolicitacao"/>
  <testcase time="0" classname="ufcg.si1.infoCarona.testes.TestaSolicitacaodeVaga" name="testaGetCarona"/>
</testsuite>