<?xml version="1.0" encoding="UTF-8" ?>
<testsuite failures="0" time="0.032" errors="0" skipped="0" tests="23" name="ufcg.si1.InfoCaronaMaven.Testes.TestaUsuario">
  <properties>
    <property name="java.runtime.name" value="Java(TM) SE Runtime Environment"/>
    <property name="sun.boot.library.path" value="C:\Program Files\Java\jdk1.7.0_04\jre\bin"/>
    <property name="java.vm.version" value="23.0-b21"/>
    <property name="java.vm.vendor" value="Oracle Corporation"/>
    <property name="java.vendor.url" value="http://java.oracle.com/"/>
    <property name="path.separator" value=";"/>
    <property name="java.vm.name" value="Java HotSpot(TM) Client VM"/>
    <property name="file.encoding.pkg" value="sun.io"/>
    <property name="user.script" value=""/>
    <property name="user.country" value="BR"/>
    <property name="sun.java.launcher" value="SUN_STANDARD"/>
    <property name="sun.os.patch.level" value=""/>
    <property name="java.vm.specification.name" value="Java Virtual Machine Specification"/>
    <property name="user.dir" value="C:\Users\Felipe Lindemberg\git\InfoCarona1.0"/>
    <property name="java.runtime.version" value="1.7.0_04-b20"/>
    <property name="java.awt.graphicsenv" value="sun.awt.Win32GraphicsEnvironment"/>
    <property name="basedir" value="C:\Users\Felipe Lindemberg\git\InfoCarona1.0"/>
    <property name="java.endorsed.dirs" value="C:\Program Files\Java\jdk1.7.0_04\jre\lib\endorsed"/>
    <property name="os.arch" value="x86"/>
    <property name="surefire.real.class.path" value="C:\Users\Felipe Lindemberg\git\InfoCarona1.0\target\surefire\surefirebooter5297425037057129158.jar"/>
    <property name="java.io.tmpdir" value="C:\Users\FELIPE~1\AppData\Local\Temp\"/>
    <property name="line.separator" value="
"/>
    <property name="java.vm.specification.vendor" value="Oracle Corporation"/>
    <property name="user.variant" value=""/>
    <property name="os.name" value="Windows 7"/>
    <property name="sun.jnu.encoding" value="Cp1252"/>
    <property name="java.library.path" value="C:\Program Files\Java\jdk1.7.0_04\jre\bin;C:\Windows\Sun\Java\bin;C:\Windows\system32;C:\Windows;C:/Program Files/Java/jre7/bin/client;C:/Program Files/Java/jre7/bin;C:/Program Files/Java/jre7/lib/i386;C:\Program Files\Common Files\Microsoft Shared\Windows Live;C:\Windows\system32;C:\Windows;C:\Windows\System32\Wbem;C:\Windows\System32\WindowsPowerShell\v1.0\;C:\Program Files\Windows Live\Shared;C:\Program Files\Java\jdk1.7.0_04\bin;C:\Python26;C:\apache-maven-3.0.4\bin;C:\gwt-2.4.0;C:\Program Files\eclipse;;."/>
    <property name="surefire.test.class.path" value="C:\Users\Felipe Lindemberg\git\InfoCarona1.0\target\test-classes;C:\Users\Felipe Lindemberg\git\InfoCarona1.0\target\classes;C:\Users\Felipe Lindemberg\.m2\repository\junit\junit\4.0\junit-4.0.jar;C:\Users\Felipe Lindemberg\.m2\repository\ufcg\si1\easyaccept\1.0.0\easyaccept-1.0.0.jar;C:\Users\Felipe Lindemberg\.m2\repository\com\thoughtworks\xstream\xstream\1.4.2\xstream-1.4.2.jar;C:\Users\Felipe Lindemberg\.m2\repository\xmlpull\xmlpull\1.1.3.1\xmlpull-1.1.3.1.jar;C:\Users\Felipe Lindemberg\.m2\repository\xpp3\xpp3_min\1.1.4c\xpp3_min-1.1.4c.jar;"/>
    <property name="java.specification.name" value="Java Platform API Specification"/>
    <property name="java.class.version" value="51.0"/>
    <property name="sun.management.compiler" value="HotSpot Client Compiler"/>
    <property name="os.version" value="6.1"/>
    <property name="user.home" value="C:\Users\Felipe Lindemberg"/>
    <property name="user.timezone" value="America/Sao_Paulo"/>
    <property name="java.awt.printerjob" value="sun.awt.windows.WPrinterJob"/>
    <property name="java.specification.version" value="1.7"/>
    <property name="file.encoding" value="Cp1252"/>
    <property name="user.name" value="Felipe Lindemberg"/>
    <property name="java.class.path" value="C:\Users\Felipe Lindemberg\git\InfoCarona1.0\target\test-classes;C:\Users\Felipe Lindemberg\git\InfoCarona1.0\target\classes;C:\Users\Felipe Lindemberg\.m2\repository\junit\junit\4.0\junit-4.0.jar;C:\Users\Felipe Lindemberg\.m2\repository\ufcg\si1\easyaccept\1.0.0\easyaccept-1.0.0.jar;C:\Users\Felipe Lindemberg\.m2\repository\com\thoughtworks\xstream\xstream\1.4.2\xstream-1.4.2.jar;C:\Users\Felipe Lindemberg\.m2\repository\xmlpull\xmlpull\1.1.3.1\xmlpull-1.1.3.1.jar;C:\Users\Felipe Lindemberg\.m2\repository\xpp3\xpp3_min\1.1.4c\xpp3_min-1.1.4c.jar;"/>
    <property name="java.vm.specification.version" value="1.7"/>
    <property name="sun.arch.data.model" value="32"/>
    <property name="java.home" value="C:\Program Files\Java\jdk1.7.0_04\jre"/>
    <property name="sun.java.command" value="C:\Users\Felipe Lindemberg\git\InfoCarona1.0\target\surefire\surefirebooter5297425037057129158.jar C:\Users\Felipe Lindemberg\git\InfoCarona1.0\target\surefire\surefire6689081386911963378tmp C:\Users\Felipe Lindemberg\git\InfoCarona1.0\target\surefire\surefire8517686208453544384tmp"/>
    <property name="java.specification.vendor" value="Oracle Corporation"/>
    <property name="user.language" value="pt"/>
    <property name="awt.toolkit" value="sun.awt.windows.WToolkit"/>
    <property name="java.vm.info" value="mixed mode, sharing"/>
    <property name="java.version" value="1.7.0_04"/>
    <property name="java.ext.dirs" value="C:\Program Files\Java\jdk1.7.0_04\jre\lib\ext;C:\Windows\Sun\Java\lib\ext"/>
    <property name="sun.boot.class.path" value="C:\Program Files\Java\jdk1.7.0_04\jre\lib\resources.jar;C:\Program Files\Java\jdk1.7.0_04\jre\lib\rt.jar;C:\Program Files\Java\jdk1.7.0_04\jre\lib\sunrsasign.jar;C:\Program Files\Java\jdk1.7.0_04\jre\lib\jsse.jar;C:\Program Files\Java\jdk1.7.0_04\jre\lib\jce.jar;C:\Program Files\Java\jdk1.7.0_04\jre\lib\charsets.jar;C:\Program Files\Java\jdk1.7.0_04\jre\lib\jfr.jar;C:\Program Files\Java\jdk1.7.0_04\jre\classes"/>
    <property name="java.vendor" value="Oracle Corporation"/>
    <property name="localRepository" value="C:\Users\Felipe Lindemberg\.m2\repository"/>
    <property name="file.separator" value="\"/>
    <property name="java.vendor.url.bug" value="http://bugreport.sun.com/bugreport/"/>
    <property name="sun.cpu.endian" value="little"/>
    <property name="sun.io.unicode.encoding" value="UnicodeLittle"/>
    <property name="sun.desktop" value="windows"/>
    <property name="sun.cpu.isalist" value="pentium_pro+mmx pentium_pro pentium+mmx pentium i486 i386 i86"/>
  </properties>
  <testcase time="0" classname="ufcg.si1.InfoCaronaMaven.Testes.TestaUsuario" name="testaEquals"/>
  <testcase time="0.01" classname="ufcg.si1.InfoCaronaMaven.Testes.TestaUsuario" name="testaToString"/>
  <testcase time="0.002" classname="ufcg.si1.InfoCaronaMaven.Testes.TestaUsuario" name="testaGetEmail"/>
  <testcase time="0.005" classname="ufcg.si1.InfoCaronaMaven.Testes.TestaUsuario" name="testaGetEndereco"/>
  <testcase time="0.002" classname="ufcg.si1.InfoCaronaMaven.Testes.TestaUsuario" name="testaGetSenha"/>
  <testcase time="0.001" classname="ufcg.si1.InfoCaronaMaven.Testes.TestaUsuario" name="testaGetLogin"/>
  <testcase time="0.001" classname="ufcg.si1.InfoCaronaMaven.Testes.TestaUsuario" name="testaGetCaronas"/>
  <testcase time="0.001" classname="ufcg.si1.InfoCaronaMaven.Testes.TestaUsuario" name="testaSetEmail"/>
  <testcase time="0.001" classname="ufcg.si1.InfoCaronaMaven.Testes.TestaUsuario" name="testaSetSenha"/>
  <testcase time="0.001" classname="ufcg.si1.InfoCaronaMaven.Testes.TestaUsuario" name="testaCadastrarCarona"/>
  <testcase time="0" classname="ufcg.si1.InfoCaronaMaven.Testes.TestaUsuario" name="testaGetListaDeSolicitacaoDeVagas"/>
  <testcase time="0" classname="ufcg.si1.InfoCaronaMaven.Testes.TestaUsuario" name="testaGetCaronasNaoFuncionaram"/>
  <testcase time="0" classname="ufcg.si1.InfoCaronaMaven.Testes.TestaUsuario" name="testaSetCaronasNaoFuncionaram"/>
  <testcase time="0.001" classname="ufcg.si1.InfoCaronaMaven.Testes.TestaUsuario" name="testaUsuario"/>
  <testcase time="0" classname="ufcg.si1.InfoCaronaMaven.Testes.TestaUsuario" name="testaGetNome"/>
  <testcase time="0" classname="ufcg.si1.InfoCaronaMaven.Testes.TestaUsuario" name="testaSetNome"/>
  <testcase time="0" classname="ufcg.si1.InfoCaronaMaven.Testes.TestaUsuario" name="testaGetCaronasSeguras"/>
  <testcase time="0" classname="ufcg.si1.InfoCaronaMaven.Testes.TestaUsuario" name="testaGetFaltasEmVagas"/>
  <testcase time="0" classname="ufcg.si1.InfoCaronaMaven.Testes.TestaUsuario" name="testaGetPresencaEmVagas"/>
  <testcase time="0" classname="ufcg.si1.InfoCaronaMaven.Testes.TestaUsuario" name="testaGetSolicitacaoAceitas"/>
  <testcase time="0" classname="ufcg.si1.InfoCaronaMaven.Testes.TestaUsuario" name="testaSetCaronasSeguras"/>
  <testcase time="0" classname="ufcg.si1.InfoCaronaMaven.Testes.TestaUsuario" name="testaSetPresencaEmVagas"/>
  <testcase time="0" classname="ufcg.si1.InfoCaronaMaven.Testes.TestaUsuario" name="testaSetFaltasEmVagas"/>
</testsuite>